[2023-07-14 15:18:34,491] multiqc                                            [DEBUG  ]  This is MultiQC v1.14
[2023-07-14 15:18:34,491] multiqc                                            [DEBUG  ]  Command used: /ceph/project/Wellcome_Discovery/sriva/mambaforge/envs/upstream_backup/bin/multiqc --force -o DNase_example/QCs/06_duplicates -n ENCFF001BOB_hg38_multiqc.html DNase_example/QCs/06_duplicates
[2023-07-14 15:18:35,461] multiqc                                            [DEBUG  ]  Latest MultiQC version is v1.14
[2023-07-14 15:18:35,461] multiqc                                            [DEBUG  ]  Working dir : /ceph/project/Wellcome_Discovery/sriva/Git/UpStreamPipeline/genetics/CATCH-UP
[2023-07-14 15:18:35,461] multiqc                                            [DEBUG  ]  Template    : default
[2023-07-14 15:18:35,461] multiqc                                            [DEBUG  ]  Running Python 3.9.10 | packaged by conda-forge | (main, Feb  1 2022, 21:24:11)  [GCC 9.4.0]
[2023-07-14 15:18:35,462] multiqc                                            [DEBUG  ]  Analysing modules: custom_content, ccs, ngsderive, purple, conpair, lima, peddy, somalier, methylQA, mosdepth, phantompeakqualtools, qualimap, preseq, hifiasm, quast, qorts, rna_seqc, rockhopper, rsem, rseqc, busco, bustools, goleft_indexcov, gffcompare, disambiguate, supernova, deeptools, sargasso, verifybamid, mirtrace, happy, mirtop, sambamba, gopeaks, homer, hops, macs2, theta2, snpeff, gatk, htseq, bcftools, featureCounts, fgbio, dragen, dragen_fastqc, dedup, pbmarkdup, damageprofiler, biobambam2, jcvi, mtnucratio, picard, vep, sentieon, prokka, qc3C, nanostat, samblaster, samtools, sexdeterrmine, eigenstratdatabasetools, bamtools, jellyfish, vcftools, longranger, stacks, varscan2, snippy, umitools, bbmap, bismark, biscuit, diamond, hicexplorer, hicup, hicpro, salmon, kallisto, slamdunk, star, hisat2, tophat, bowtie2, bowtie1, cellranger, snpsplit, odgi, pangolin, nextclade, humid, kat, leehom, adapterRemoval, bbduk, clipandmerge, cutadapt, flexbar, kaiju, kraken, malt, motus, trimmomatic, sickle, skewer, sortmerna, biobloomtools, fastq_screen, afterqc, fastp, fastqc, filtlong, prinseqplusplus, pychopper, porechop, pycoqc, minionqc, anglerfish, multivcfanalyzer, clusterflow, checkqc, bcl2fastq, bclconvert, interop, ivar, flash, seqyclean, optitype, whatshap
[2023-07-14 15:18:35,462] multiqc                                            [DEBUG  ]  Using temporary directory for creating report: /var/scratch/sriva/30901/tmpvja2ex9w
[2023-07-14 15:18:36,091] multiqc                                            [INFO   ]  Search path : /ceph/project/Wellcome_Discovery/sriva/Git/UpStreamPipeline/genetics/CATCH-UP/DNase_example/QCs/06_duplicates
[2023-07-14 15:18:36,178] multiqc                                            [DEBUG  ]  Summary of files that were skipped by the search: [skipped_module_specific_max_filesize: 7]
[2023-07-14 15:18:41,455] multiqc.plots.bargraph                             [DEBUG  ]  Using matplotlib version 3.6.2
[2023-07-14 15:18:41,499] multiqc.plots.linegraph                            [DEBUG  ]  Using matplotlib version 3.6.2
[2023-07-14 15:18:41,524] multiqc                                            [DEBUG  ]  No samples found: custom_content
[2023-07-14 15:18:42,136] multiqc.modules.picard.picard                      [INFO   ]  Found 1 MarkDuplicates reports
[2023-07-14 15:18:42,150] multiqc.modules.samtools.samtools                  [INFO   ]  Found 1 stats reports
[2023-07-14 15:18:42,156] multiqc                                            [INFO   ]  Compressing plot data
[2023-07-14 15:18:42,168] multiqc                                            [INFO   ]  Report      : DNase_example/QCs/06_duplicates/ENCFF001BOB_hg38_multiqc.html
[2023-07-14 15:18:42,168] multiqc                                            [INFO   ]  Data        : DNase_example/QCs/06_duplicates/ENCFF001BOB_hg38_multiqc_data
[2023-07-14 15:18:42,168] multiqc                                            [DEBUG  ]  Moving data file from '/var/scratch/sriva/30901/tmpvja2ex9w/multiqc_data' to 'DNase_example/QCs/06_duplicates/ENCFF001BOB_hg38_multiqc_data'
[2023-07-14 15:18:42,312] multiqc                                            [INFO   ]  MultiQC complete
